<?xml version="1.0" encoding="UTF-8"?>
<!-- Generated by org.testng.reporters.JUnitReportReporter -->
<testsuite hostname="DESKTOP-KO6MOHH" failures="0" tests="1" name="leads.TypeNothingAndSave" time="0.164" errors="0" timestamp="2021-11-19T09:57:32 IST" skipped="0">
  <testcase classname="leads.TypeNothingAndSave" name="typenothingandsave" time="0.164"/>
  <system-out/>
</testsuite> <!-- leads.TypeNothingAndSave -->
