<?xml version="1.0" encoding="UTF-8"?>
<!-- Generated by org.testng.reporters.JUnitReportReporter -->
<testsuite hostname="DESKTOP-KO6MOHH" failures="0" tests="1" name="com.crm.vtiger.ReadJson" time="7.604" errors="0" timestamp="2021-11-23T12:32:04 IST" skipped="0">
  <testcase classname="com.crm.vtiger.ReadJson" name="data" time="7.604"/>
  <system-out/>
</testsuite> <!-- com.crm.vtiger.ReadJson -->
