<?xml version="1.0" encoding="UTF-8"?>
<!-- Generated by org.testng.reporters.JUnitReportReporter -->
<testsuite hostname="DESKTOP-KO6MOHH" failures="0" tests="1" name="testNg.Sample2" time="35.592" errors="0" timestamp="2021-11-28T00:06:08 IST" skipped="0">
  <testcase classname="testNg.Sample2" name="navigation" time="35.592"/>
  <system-out/>
</testsuite> <!-- testNg.Sample2 -->
