<?xml version="1.0" encoding="UTF-8"?>
<!-- Generated by org.testng.reporters.JUnitReportReporter -->
<testsuite hostname="DESKTOP-KO6MOHH" failures="0" tests="1" name="testNg.Test2" time="27.882" errors="0" timestamp="2021-11-28T08:13:38 IST" skipped="0">
  <testcase classname="testNg.Test2" name="test" time="27.882"/>
  <system-out/>
</testsuite> <!-- testNg.Test2 -->
