<?xml version="1.0" encoding="UTF-8"?>
<!-- Generated by org.testng.reporters.JUnitReportReporter -->
<testsuite hostname="DESKTOP-KO6MOHH" failures="0" tests="1" name="com.crm.vtiger.LoginToVtigerTest" time="9.626" errors="0" timestamp="2021-11-23T10:57:54 IST" skipped="0">
  <testcase classname="com.crm.vtiger.LoginToVtigerTest" name="ReadingLoginDetailsFromPropertyFile" time="9.626"/>
  <system-out/>
</testsuite> <!-- com.crm.vtiger.LoginToVtigerTest -->
