<?xml version="1.0" encoding="UTF-8"?>
<!-- Generated by org.testng.reporters.JUnitReportReporter -->
<testsuite hostname="DESKTOP-KO6MOHH" failures="0" tests="1" name="datadrivenTesting.WritePropertyfile" time="0.044" errors="0" timestamp="2021-11-19T23:26:10 IST" skipped="0">
  <testcase classname="datadrivenTesting.WritePropertyfile" name="writepropertyfile" time="0.044"/>
  <system-out/>
</testsuite> <!-- datadrivenTesting.WritePropertyfile -->
