<?xml version="1.0" encoding="UTF-8"?>
<!-- Generated by org.testng.reporters.JUnitReportReporter -->
<testsuite hostname="DESKTOP-KO6MOHH" failures="0" tests="1" name="datadrivenTesting.ActualEqualsExpected" time="0.455" errors="0" timestamp="2021-11-23T07:43:03 IST" skipped="0">
  <testcase classname="datadrivenTesting.ActualEqualsExpected" name="equalactualexpect" time="0.455"/>
  <system-out/>
</testsuite> <!-- datadrivenTesting.ActualEqualsExpected -->
