<?xml version="1.0" encoding="UTF-8"?>
<!-- Generated by org.testng.reporters.JUnitReportReporter -->
<testsuite hostname="DESKTOP-KO6MOHH" failures="0" tests="3" name="testNg.DependsOnMethod" time="0.016" errors="0" timestamp="2021-12-15T20:48:06 IST" skipped="0">
  <testcase classname="testNg.DependsOnMethod" name="modifyCustomer" time="0.002"/>
  <system-out/>
  <testcase classname="testNg.DependsOnMethod" name="createCustomer" time="0.012"/>
  <system-out/>
  <testcase classname="testNg.DependsOnMethod" name="deletecustomer" time="0.002"/>
  <system-out/>
</testsuite> <!-- testNg.DependsOnMethod -->
