<?xml version="1.0" encoding="UTF-8"?>
<!-- Generated by org.testng.reporters.JUnitReportReporter -->
<testsuite hostname="DESKTOP-KO6MOHH" failures="0" tests="5" name="com.crm.vtiger.dataProvider.Dataprovider" time="0.035" errors="0" timestamp="2021-12-15T00:23:19 IST" skipped="0">
  <testcase classname="com.crm.vtiger.dataProvider.Dataprovider" name="ticketBooking" time="0.013"/>
  <system-out/>
  <testcase classname="com.crm.vtiger.dataProvider.Dataprovider" name="ticketBooking" time="0.006"/>
  <system-out/>
  <testcase classname="com.crm.vtiger.dataProvider.Dataprovider" name="ticketBooking" time="0.009"/>
  <system-out/>
  <testcase classname="com.crm.vtiger.dataProvider.Dataprovider" name="ticketBooking" time="0.003"/>
  <system-out/>
  <testcase classname="com.crm.vtiger.dataProvider.Dataprovider" name="ticketBooking" time="0.004"/>
  <system-out/>
</testsuite> <!-- com.crm.vtiger.dataProvider.Dataprovider -->
