<?xml version="1.0" encoding="UTF-8"?>
<!-- Generated by org.testng.reporters.JUnitReportReporter -->
<testsuite hostname="DESKTOP-KO6MOHH" failures="0" tests="3" name="classAssessment.Customer" time="0.028" errors="0" timestamp="2021-11-26T10:27:47 IST" skipped="0">
  <testcase classname="classAssessment.Customer" name="createCustomer" time="0.014"/>
  <system-out/>
  <testcase classname="classAssessment.Customer" name="modifyCustomer" time="0.009"/>
  <system-out/>
  <testcase classname="classAssessment.Customer" name="deleteCustomer" time="0.005"/>
  <system-out/>
</testsuite> <!-- classAssessment.Customer -->
