<?xml version="1.0" encoding="UTF-8"?>
<!-- Generated by org.testng.reporters.JUnitReportReporter -->
<testsuite hostname="DESKTOP-KO6MOHH" failures="0" tests="1" name="leads.TestCase7" time="31.652" errors="0" timestamp="2021-11-25T10:15:42 IST" skipped="0">
  <testcase classname="leads.TestCase7" name="testcase7" time="31.652"/>
  <system-out/>
</testsuite> <!-- leads.TestCase7 -->
