<?xml version="1.0" encoding="UTF-8"?>
<!-- Generated by org.testng.reporters.JUnitReportReporter -->
<testsuite hostname="DESKTOP-KO6MOHH" failures="0" tests="1" name="testNg.Sample1" time="14.605" errors="0" timestamp="2021-11-28T00:08:30 IST" skipped="0">
  <testcase classname="testNg.Sample1" name="alertclass" time="14.605"/>
  <system-out/>
</testsuite> <!-- testNg.Sample1 -->
