<?xml version="1.0" encoding="UTF-8"?>
<!-- Generated by org.testng.reporters.JUnitReportReporter -->
<testsuite hostname="DESKTOP-KO6MOHH" failures="0" tests="1" name="com.crm.vtiger.ReadExcel" time="1.963" errors="0" timestamp="2021-11-23T17:35:53 IST" skipped="0">
  <testcase classname="com.crm.vtiger.ReadExcel" name="readdata" time="1.963"/>
  <system-out/>
</testsuite> <!-- com.crm.vtiger.ReadExcel -->
