<?xml version="1.0" encoding="UTF-8"?>
<!-- Generated by org.testng.reporters.JUnitReportReporter -->
<testsuite hostname="DESKTOP-KO6MOHH" failures="0" tests="1" name="com.crm.vtiger.InsertAndGetData" time="0.533" errors="0" timestamp="2021-12-15T10:18:33 IST" skipped="0">
  <testcase classname="com.crm.vtiger.InsertAndGetData" name="insertdata" time="0.533"/>
  <system-out/>
</testsuite> <!-- com.crm.vtiger.InsertAndGetData -->
