<?xml version="1.0" encoding="UTF-8"?>
<!-- Generated by org.testng.reporters.JUnitReportReporter -->
<testsuite hostname="DESKTOP-KO6MOHH" failures="0" tests="5" name="testNg.AmaxonFlow" time="0.022" errors="0" timestamp="2021-11-28T08:40:21 IST" skipped="0">
  <testcase classname="testNg.AmaxonFlow" name="buyTheProduct" time="0.002"/>
  <system-out/>
  <testcase classname="testNg.AmaxonFlow" name="searchProduct" time="0.002"/>
  <system-out/>
  <testcase classname="testNg.AmaxonFlow" name="login" time="0.013"/>
  <system-out/>
  <testcase classname="testNg.AmaxonFlow" name="addonCart" time="0.003"/>
  <system-out/>
  <testcase classname="testNg.AmaxonFlow" name="logout" time="0.002"/>
  <system-out/>
</testsuite> <!-- testNg.AmaxonFlow -->
