<?xml version="1.0" encoding="UTF-8"?>
<!-- Generated by org.testng.reporters.JUnitReportReporter -->
<testsuite hostname="DESKTOP-KO6MOHH" failures="0" tests="3" name="testNg.PriorityAnnotations" time="0.027" errors="0" timestamp="2021-12-15T21:05:08 IST" skipped="1">
  <testcase classname="testNg.PriorityAnnotations" name="deletecustomer3" time="0.018"/>
  <system-out/>
  <testcase classname="testNg.PriorityAnnotations" name="modifyCustomer2" time="0.009"/>
  <system-out/>
  <testcase classname="testNg.PriorityAnnotations" name="createCustomer1">
    <skipped/>
  </testcase> <!-- createCustomer1 -->
  <system-out/>
</testsuite> <!-- testNg.PriorityAnnotations -->
