<?xml version="1.0" encoding="UTF-8"?>
<!-- Generated by org.testng.reporters.JUnitReportReporter -->
<testsuite hostname="DESKTOP-KO6MOHH" failures="0" tests="1" name="leads.TestCase15" time="16.037" errors="0" timestamp="2021-11-26T17:47:21 IST" skipped="0">
  <testcase classname="leads.TestCase15" name="testcase" time="16.037"/>
  <system-out/>
</testsuite> <!-- leads.TestCase15 -->
