<?xml version="1.0" encoding="UTF-8"?>
<!-- Generated by org.testng.reporters.JUnitReportReporter -->
<testsuite hostname="DESKTOP-KO6MOHH" failures="0" tests="1" name="leads.TestCase6" time="24.553" errors="0" timestamp="2021-11-25T10:15:42 IST" skipped="0">
  <testcase classname="leads.TestCase6" name="testcase6" time="24.553"/>
  <system-out/>
</testsuite> <!-- leads.TestCase6 -->
