<?xml version="1.0" encoding="UTF-8"?>
<!-- Generated by org.testng.reporters.JUnitReportReporter -->
<testsuite hostname="DESKTOP-KO6MOHH" failures="0" tests="1" name="leads.TypeOnlyMandatoryField" time="4.057" errors="0" timestamp="2021-11-19T09:47:36 IST" skipped="0">
  <testcase classname="leads.TypeOnlyMandatoryField" name="typeonlymandatoryfield" time="4.057"/>
  <system-out/>
</testsuite> <!-- leads.TypeOnlyMandatoryField -->
