<?xml version="1.0" encoding="UTF-8"?>
<!-- Generated by org.testng.reporters.JUnitReportReporter -->
<testsuite hostname="DESKTOP-KO6MOHH" failures="0" tests="1" name="leads.CreateLead" time="41.760" errors="0" timestamp="2021-12-07T16:28:07 IST" skipped="0">
  <testcase classname="leads.CreateLead" name="createlead" time="41.760"/>
  <system-out/>
</testsuite> <!-- leads.CreateLead -->
